This is pdfTeX, Version 3.14159265-2.6-1.40.16 (TeX Live 2015/Debian) (preloaded format=pdflatex 2018.7.29)  31 JUL 2018 13:39
entering extended mode
 restricted \write18 enabled.
 %&-line parsing enabled.
**article.tex
(./article.tex
LaTeX2e <2016/02/01>
Babel <3.9q> and hyphenation patterns for 81 language(s) loaded.
(./jss.cls
Document Class: jss 2015/09/01 3.0 jss class by Achim Zeileis
(/usr/share/texlive/texmf-dist/tex/latex/base/article.cls
Document Class: article 2014/09/29 v1.4h Standard LaTeX document class
(/usr/share/texlive/texmf-dist/tex/latex/base/size11.clo
File: size11.clo 2014/09/29 v1.4h Standard LaTeX file (size option)
)
\c@part=\count79
\c@section=\count80
\c@subsection=\count81
\c@subsubsection=\count82
\c@paragraph=\count83
\c@subparagraph=\count84
\c@figure=\count85
\c@table=\count86
\abovecaptionskip=\skip41
\belowcaptionskip=\skip42
\bibindent=\dimen102
)
(/usr/share/texlive/texmf-dist/tex/latex/graphics/graphicx.sty
Package: graphicx 2014/10/28 v1.0g Enhanced LaTeX Graphics (DPC,SPQR)

(/usr/share/texlive/texmf-dist/tex/latex/graphics/keyval.sty
Package: keyval 2014/10/28 v1.15 key=value parser (DPC)
\KV@toks@=\toks14
)
(/usr/share/texlive/texmf-dist/tex/latex/graphics/graphics.sty
Package: graphics 2016/01/03 v1.0q Standard LaTeX Graphics (DPC,SPQR)

(/usr/share/texlive/texmf-dist/tex/latex/graphics/trig.sty
Package: trig 2016/01/03 v1.10 sin cos tan (DPC)
)
(/usr/share/texlive/texmf-dist/tex/latex/latexconfig/graphics.cfg
File: graphics.cfg 2010/04/23 v1.9 graphics configuration of TeX Live
)
Package graphics Info: Driver file: pdftex.def on input line 95.

(/usr/share/texlive/texmf-dist/tex/latex/pdftex-def/pdftex.def
File: pdftex.def 2011/05/27 v0.06d Graphics/color for pdfTeX

(/usr/share/texlive/texmf-dist/tex/generic/oberdiek/infwarerr.sty
Package: infwarerr 2010/04/08 v1.3 Providing info/warning/error messages (HO)
)
(/usr/share/texlive/texmf-dist/tex/generic/oberdiek/ltxcmds.sty
Package: ltxcmds 2011/11/09 v1.22 LaTeX kernel commands for general use (HO)
)
\Gread@gobject=\count87
))
\Gin@req@height=\dimen103
\Gin@req@width=\dimen104
)
(/usr/share/texlive/texmf-dist/tex/latex/graphics/color.sty
Package: color 2016/01/03 v1.1b Standard LaTeX Color (DPC)

(/usr/share/texlive/texmf-dist/tex/latex/latexconfig/color.cfg
File: color.cfg 2007/01/18 v1.5 color configuration of teTeX/TeXLive
)
Package color Info: Driver file: pdftex.def on input line 143.
)
(/usr/share/texlive/texmf-dist/tex/latex/ae/ae.sty
Package: ae 2001/02/12 1.3 Almost European Computer Modern

(/usr/share/texlive/texmf-dist/tex/latex/base/fontenc.sty
Package: fontenc 2005/09/27 v1.99g Standard LaTeX package

(/usr/share/texlive/texmf-dist/tex/latex/base/t1enc.def
File: t1enc.def 2005/09/27 v1.99g Standard LaTeX file
LaTeX Font Info:    Redeclaring font encoding T1 on input line 48.
)
LaTeX Font Info:    Try loading font information for T1+aer on input line 105.

(/usr/share/texlive/texmf-dist/tex/latex/ae/t1aer.fd
File: t1aer.fd 1997/11/16 Font definitions for T1/aer.
)))
(/usr/share/texlive/texmf-dist/tex/latex/fancyvrb/fancyvrb.sty
Package: fancyvrb 2008/02/07

Style option: `fancyvrb' v2.7a, with DG/SPQR fixes, and firstline=lastline fix 
<2008/02/07> (tvz)
\FV@CodeLineNo=\count88
\FV@InFile=\read1
\FV@TabBox=\box26
\c@FancyVerbLine=\count89
\FV@StepNumber=\count90
\FV@OutFile=\write3
) (/usr/share/texlive/texmf-dist/tex/latex/base/fontenc.sty
Package: fontenc 2005/09/27 v1.99g Standard LaTeX package

(/usr/share/texlive/texmf-dist/tex/latex/base/t1enc.def
File: t1enc.def 2005/09/27 v1.99g Standard LaTeX file
LaTeX Font Info:    Redeclaring font encoding T1 on input line 48.
))
(/usr/share/texlive/texmf-dist/tex/latex/upquote/upquote.sty
Package: upquote 2012/04/19 v1.3 upright-quote and grave-accent glyphs in verba
tim

(/usr/share/texlive/texmf-dist/tex/latex/base/textcomp.sty
Package: textcomp 2005/09/27 v1.99g Standard LaTeX package
Package textcomp Info: Sub-encoding information:
(textcomp)               5 = only ISO-Adobe without \textcurrency
(textcomp)               4 = 5 + \texteuro
(textcomp)               3 = 4 + \textohm
(textcomp)               2 = 3 + \textestimated + \textcurrency
(textcomp)               1 = TS1 - \textcircled - \t
(textcomp)               0 = TS1 (full)
(textcomp)             Font families with sub-encoding setting implement
(textcomp)             only a restricted character set as indicated.
(textcomp)             Family '?' is the default used for unknown fonts.
(textcomp)             See the documentation for details.
Package textcomp Info: Setting ? sub-encoding to TS1/1 on input line 79.

(/usr/share/texlive/texmf-dist/tex/latex/base/ts1enc.def
File: ts1enc.def 2001/06/05 v3.0e (jk/car/fm) Standard LaTeX file
)
LaTeX Info: Redefining \oldstylenums on input line 334.
Package textcomp Info: Setting cmr sub-encoding to TS1/0 on input line 349.
Package textcomp Info: Setting cmss sub-encoding to TS1/0 on input line 350.
Package textcomp Info: Setting cmtt sub-encoding to TS1/0 on input line 351.
Package textcomp Info: Setting cmvtt sub-encoding to TS1/0 on input line 352.
Package textcomp Info: Setting cmbr sub-encoding to TS1/0 on input line 353.
Package textcomp Info: Setting cmtl sub-encoding to TS1/0 on input line 354.
Package textcomp Info: Setting ccr sub-encoding to TS1/0 on input line 355.
Package textcomp Info: Setting ptm sub-encoding to TS1/4 on input line 356.
Package textcomp Info: Setting pcr sub-encoding to TS1/4 on input line 357.
Package textcomp Info: Setting phv sub-encoding to TS1/4 on input line 358.
Package textcomp Info: Setting ppl sub-encoding to TS1/3 on input line 359.
Package textcomp Info: Setting pag sub-encoding to TS1/4 on input line 360.
Package textcomp Info: Setting pbk sub-encoding to TS1/4 on input line 361.
Package textcomp Info: Setting pnc sub-encoding to TS1/4 on input line 362.
Package textcomp Info: Setting pzc sub-encoding to TS1/4 on input line 363.
Package textcomp Info: Setting bch sub-encoding to TS1/4 on input line 364.
Package textcomp Info: Setting put sub-encoding to TS1/5 on input line 365.
Package textcomp Info: Setting uag sub-encoding to TS1/5 on input line 366.
Package textcomp Info: Setting ugq sub-encoding to TS1/5 on input line 367.
Package textcomp Info: Setting ul8 sub-encoding to TS1/4 on input line 368.
Package textcomp Info: Setting ul9 sub-encoding to TS1/4 on input line 369.
Package textcomp Info: Setting augie sub-encoding to TS1/5 on input line 370.
Package textcomp Info: Setting dayrom sub-encoding to TS1/3 on input line 371.
Package textcomp Info: Setting dayroms sub-encoding to TS1/3 on input line 372.

Package textcomp Info: Setting pxr sub-encoding to TS1/0 on input line 373.
Package textcomp Info: Setting pxss sub-encoding to TS1/0 on input line 374.
Package textcomp Info: Setting pxtt sub-encoding to TS1/0 on input line 375.
Package textcomp Info: Setting txr sub-encoding to TS1/0 on input line 376.
Package textcomp Info: Setting txss sub-encoding to TS1/0 on input line 377.
Package textcomp Info: Setting txtt sub-encoding to TS1/0 on input line 378.
Package textcomp Info: Setting lmr sub-encoding to TS1/0 on input line 379.
Package textcomp Info: Setting lmdh sub-encoding to TS1/0 on input line 380.
Package textcomp Info: Setting lmss sub-encoding to TS1/0 on input line 381.
Package textcomp Info: Setting lmssq sub-encoding to TS1/0 on input line 382.
Package textcomp Info: Setting lmvtt sub-encoding to TS1/0 on input line 383.
Package textcomp Info: Setting lmtt sub-encoding to TS1/0 on input line 384.
Package textcomp Info: Setting qhv sub-encoding to TS1/0 on input line 385.
Package textcomp Info: Setting qag sub-encoding to TS1/0 on input line 386.
Package textcomp Info: Setting qbk sub-encoding to TS1/0 on input line 387.
Package textcomp Info: Setting qcr sub-encoding to TS1/0 on input line 388.
Package textcomp Info: Setting qcs sub-encoding to TS1/0 on input line 389.
Package textcomp Info: Setting qpl sub-encoding to TS1/0 on input line 390.
Package textcomp Info: Setting qtm sub-encoding to TS1/0 on input line 391.
Package textcomp Info: Setting qzc sub-encoding to TS1/0 on input line 392.
Package textcomp Info: Setting qhvc sub-encoding to TS1/0 on input line 393.
Package textcomp Info: Setting futs sub-encoding to TS1/4 on input line 394.
Package textcomp Info: Setting futx sub-encoding to TS1/4 on input line 395.
Package textcomp Info: Setting futj sub-encoding to TS1/4 on input line 396.
Package textcomp Info: Setting hlh sub-encoding to TS1/3 on input line 397.
Package textcomp Info: Setting hls sub-encoding to TS1/3 on input line 398.
Package textcomp Info: Setting hlst sub-encoding to TS1/3 on input line 399.
Package textcomp Info: Setting hlct sub-encoding to TS1/5 on input line 400.
Package textcomp Info: Setting hlx sub-encoding to TS1/5 on input line 401.
Package textcomp Info: Setting hlce sub-encoding to TS1/5 on input line 402.
Package textcomp Info: Setting hlcn sub-encoding to TS1/5 on input line 403.
Package textcomp Info: Setting hlcw sub-encoding to TS1/5 on input line 404.
Package textcomp Info: Setting hlcf sub-encoding to TS1/5 on input line 405.
Package textcomp Info: Setting pplx sub-encoding to TS1/3 on input line 406.
Package textcomp Info: Setting pplj sub-encoding to TS1/3 on input line 407.
Package textcomp Info: Setting ptmx sub-encoding to TS1/4 on input line 408.
Package textcomp Info: Setting ptmj sub-encoding to TS1/4 on input line 409.
))
(/usr/share/texlive/texmf-dist/tex/latex/natbib/natbib.sty
Package: natbib 2010/09/13 8.31b (PWD, AO)
\bibhang=\skip43
\bibsep=\skip44
LaTeX Info: Redefining \cite on input line 694.
\c@NAT@ctr=\count91
)
\footerskip=\skip45

(/usr/share/texlive/texmf-dist/tex/latex/hyperref/hyperref.sty
Package: hyperref 2012/11/06 v6.83m Hypertext links for LaTeX

(/usr/share/texlive/texmf-dist/tex/generic/oberdiek/hobsub-hyperref.sty
Package: hobsub-hyperref 2012/05/28 v1.13 Bundle oberdiek, subset hyperref (HO)


(/usr/share/texlive/texmf-dist/tex/generic/oberdiek/hobsub-generic.sty
Package: hobsub-generic 2012/05/28 v1.13 Bundle oberdiek, subset generic (HO)
Package: hobsub 2012/05/28 v1.13 Construct package bundles (HO)
Package hobsub Info: Skipping package `infwarerr' (already loaded).
Package hobsub Info: Skipping package `ltxcmds' (already loaded).
Package: ifluatex 2010/03/01 v1.3 Provides the ifluatex switch (HO)
Package ifluatex Info: LuaTeX not detected.
Package: ifvtex 2010/03/01 v1.5 Detect VTeX and its facilities (HO)
Package ifvtex Info: VTeX not detected.
Package: intcalc 2007/09/27 v1.1 Expandable calculations with integers (HO)
Package: ifpdf 2011/01/30 v2.3 Provides the ifpdf switch (HO)
Package ifpdf Info: pdfTeX in PDF mode is detected.
Package: etexcmds 2011/02/16 v1.5 Avoid name clashes with e-TeX commands (HO)
Package etexcmds Info: Could not find \expanded.
(etexcmds)             That can mean that you are not using pdfTeX 1.50 or
(etexcmds)             that some package has redefined \expanded.
(etexcmds)             In the latter case, load this package earlier.
Package: kvsetkeys 2012/04/25 v1.16 Key value parser (HO)
Package: kvdefinekeys 2011/04/07 v1.3 Define keys (HO)
Package: pdftexcmds 2011/11/29 v0.20 Utility functions of pdfTeX for LuaTeX (HO
)
Package pdftexcmds Info: LuaTeX not detected.
Package pdftexcmds Info: \pdf@primitive is available.
Package pdftexcmds Info: \pdf@ifprimitive is available.
Package pdftexcmds Info: \pdfdraftmode found.
Package: pdfescape 2011/11/25 v1.13 Implements pdfTeX's escape features (HO)
Package: bigintcalc 2012/04/08 v1.3 Expandable calculations on big integers (HO
)
Package: bitset 2011/01/30 v1.1 Handle bit-vector datatype (HO)
Package: uniquecounter 2011/01/30 v1.2 Provide unlimited unique counter (HO)
)
Package hobsub Info: Skipping package `hobsub' (already loaded).
Package: letltxmacro 2010/09/02 v1.4 Let assignment for LaTeX macros (HO)
Package: hopatch 2012/05/28 v1.2 Wrapper for package hooks (HO)
Package: xcolor-patch 2011/01/30 xcolor patch
Package: atveryend 2011/06/30 v1.8 Hooks at the very end of document (HO)
Package atveryend Info: \enddocument detected (standard20110627).
Package: atbegshi 2011/10/05 v1.16 At begin shipout hook (HO)
Package: refcount 2011/10/16 v3.4 Data extraction from label references (HO)
Package: hycolor 2011/01/30 v1.7 Color options for hyperref/bookmark (HO)
)
(/usr/share/texlive/texmf-dist/tex/generic/ifxetex/ifxetex.sty
Package: ifxetex 2010/09/12 v0.6 Provides ifxetex conditional
)
(/usr/share/texlive/texmf-dist/tex/latex/oberdiek/auxhook.sty
Package: auxhook 2011/03/04 v1.3 Hooks for auxiliary files (HO)
)
(/usr/share/texlive/texmf-dist/tex/latex/oberdiek/kvoptions.sty
Package: kvoptions 2011/06/30 v3.11 Key value format for package options (HO)
)
\@linkdim=\dimen105
\Hy@linkcounter=\count92
\Hy@pagecounter=\count93

(/usr/share/texlive/texmf-dist/tex/latex/hyperref/pd1enc.def
File: pd1enc.def 2012/11/06 v6.83m Hyperref: PDFDocEncoding definition (HO)
)
\Hy@SavedSpaceFactor=\count94

(/usr/share/texlive/texmf-dist/tex/latex/latexconfig/hyperref.cfg
File: hyperref.cfg 2002/06/06 v1.2 hyperref configuration of TeXLive
)
Package hyperref Info: Hyper figures OFF on input line 4443.
Package hyperref Info: Link nesting OFF on input line 4448.
Package hyperref Info: Hyper index ON on input line 4451.
Package hyperref Info: Plain pages OFF on input line 4458.
Package hyperref Info: Backreferencing OFF on input line 4463.
Package hyperref Info: Implicit mode ON; LaTeX internals redefined.
Package hyperref Info: Bookmarks ON on input line 4688.
\c@Hy@tempcnt=\count95

(/usr/share/texlive/texmf-dist/tex/latex/url/url.sty
\Urlmuskip=\muskip10
Package: url 2013/09/16  ver 3.4  Verb mode for urls, etc.
)
LaTeX Info: Redefining \url on input line 5041.
\XeTeXLinkMargin=\dimen106
\Fld@menulength=\count96
\Field@Width=\dimen107
\Fld@charsize=\dimen108
Package hyperref Info: Hyper figures OFF on input line 6295.
Package hyperref Info: Link nesting OFF on input line 6300.
Package hyperref Info: Hyper index ON on input line 6303.
Package hyperref Info: backreferencing OFF on input line 6310.
Package hyperref Info: Link coloring OFF on input line 6315.
Package hyperref Info: Link coloring with OCG OFF on input line 6320.
Package hyperref Info: PDF/A mode OFF on input line 6325.
LaTeX Info: Redefining \ref on input line 6365.
LaTeX Info: Redefining \pageref on input line 6369.
\Hy@abspage=\count97
\c@Item=\count98
\c@Hfootnote=\count99
)

Package hyperref Message: Driver (autodetected): hpdftex.

(/usr/share/texlive/texmf-dist/tex/latex/hyperref/hpdftex.def
File: hpdftex.def 2012/11/06 v6.83m Hyperref driver for pdfTeX
\Fld@listcount=\count100
\c@bookmark@seq@number=\count101

(/usr/share/texlive/texmf-dist/tex/latex/oberdiek/rerunfilecheck.sty
Package: rerunfilecheck 2011/04/15 v1.7 Rerun checks for auxiliary files (HO)
Package uniquecounter Info: New unique counter `rerunfilecheck' on input line 2
82.
)
\Hy@SectionHShift=\skip46
)
\preXLskip=\skip47
\preLskip=\skip48
\preMskip=\skip49
\preSskip=\skip50
\postMskip=\skip51
\postSskip=\skip52


Package hyperref Warning: Option `hyperindex' has already been used,
(hyperref)                setting the option has no effect on input line 466.

Package hyperref Info: Option `colorlinks' set `true' on input line 466.
Package hyperref Info: Option `linktocpage' set `true' on input line 466.
Package hyperref Info: Option `plainpages' set `false' on input line 466.
) (/usr/share/texlive/texmf-dist/tex/latex/framed/framed.sty
Package: framed 2011/10/22 v 0.96: framed or shaded text with page breaks
\OuterFrameSep=\skip53
\fb@frw=\dimen109
\fb@frh=\dimen110
\FrameRule=\dimen111
\FrameSep=\dimen112
)
(/usr/share/texlive/texmf-dist/tex/latex/base/alltt.sty
Package: alltt 1997/06/16 v2.0g defines alltt environment
)
(/usr/share/texlive/texmf-dist/tex/latex/graphics/lscape.sty
Package: lscape 2000/10/22 v3.01 Landscape Pages (DPC)
)
(/usr/share/texlive/texmf-dist/tex/latex/tools/multicol.sty
Package: multicol 2015/08/19 v1.8n multicolumn formatting (FMi)
\c@tracingmulticols=\count102
\mult@box=\box27
\multicol@leftmargin=\dimen113
\c@unbalance=\count103
\c@collectmore=\count104
\doublecol@number=\count105
\multicoltolerance=\count106
\multicolpretolerance=\count107
\full@width=\dimen114
\page@free=\dimen115
\premulticols=\dimen116
\postmulticols=\dimen117
\multicolsep=\skip54
\multicolbaselineskip=\skip55
\partial@page=\box28
\last@line=\box29
\maxbalancingoverflow=\dimen118
\mult@rightbox=\box30
\mult@grightbox=\box31
\mult@gfirstbox=\box32
\mult@firstbox=\box33
\@tempa=\box34
\@tempa=\box35
\@tempa=\box36
\@tempa=\box37
\@tempa=\box38
\@tempa=\box39
\@tempa=\box40
\@tempa=\box41
\@tempa=\box42
\@tempa=\box43
\@tempa=\box44
\@tempa=\box45
\@tempa=\box46
\@tempa=\box47
\@tempa=\box48
\@tempa=\box49
\@tempa=\box50
\c@columnbadness=\count108
\c@finalcolumnbadness=\count109
\last@try=\dimen119
\multicolovershoot=\dimen120
\multicolundershoot=\dimen121
\mult@nat@firstbox=\box51
\colbreak@box=\box52
\mc@col@check@num=\count110
)
(/usr/share/texlive/texmf-dist/tex/latex/multirow/multirow.sty
\bigstrutjot=\dimen122
)
(/usr/share/texlive/texmf-dist/tex/latex/rotating/rotating.sty
Package: rotating 2009/03/28 v2.16a rotated objects in LaTeX

(/usr/share/texlive/texmf-dist/tex/latex/base/ifthen.sty
Package: ifthen 2014/09/29 v1.1c Standard LaTeX ifthen package (DPC)
)
\c@r@tfl@t=\count111
\rotFPtop=\skip56
\rotFPbot=\skip57
\rot@float@box=\box53
\rot@mess@toks=\toks15
)
(/usr/share/texlive/texmf-dist/tex/latex/booktabs/booktabs.sty
Package: booktabs 2005/04/14 v1.61803 publication quality tables
\heavyrulewidth=\dimen123
\lightrulewidth=\dimen124
\cmidrulewidth=\dimen125
\belowrulesep=\dimen126
\belowbottomsep=\dimen127
\aboverulesep=\dimen128
\abovetopsep=\dimen129
\cmidrulesep=\dimen130
\cmidrulekern=\dimen131
\defaultaddspace=\dimen132
\@cmidla=\count112
\@cmidlb=\count113
\@aboverulesep=\dimen133
\@belowrulesep=\dimen134
\@thisruleclass=\count114
\@lastruleclass=\count115
\@thisrulewidth=\dimen135
)
(/usr/share/texlive/texmf-dist/tex/latex/paralist/paralist.sty
Package: paralist 2015/12/30 v2.5 Extended list environments
\pltopsep=\skip58
\plpartopsep=\skip59
\plitemsep=\skip60
\plparsep=\skip61
\pl@lab=\toks16
)
(/usr/share/texlive/texmf-dist/tex/generic/thumbpdf/thumbpdf.sty
Package: thumbpdf 2014/07/15 v3.16 Inclusion of thumbnails (HO)


Package thumbpdf Warning: Compressed PDF objects of PDF 1.5 are not supported.


Package thumbpdf Warning: Thumbnail data file `article.tpt' not found.

) (/usr/share/texlive/texmf-dist/tex/latex/moresize/moresize.sty
Package: moresize 1999/07/26 v1.9 (more font sizes)
)
(/usr/share/texlive/texmf-dist/tex/latex/amsmath/amsmath.sty
Package: amsmath 2016/03/03 v2.15a AMS math features
\@mathmargin=\skip62

For additional information on amsmath, use the `?' option.
(/usr/share/texlive/texmf-dist/tex/latex/amsmath/amstext.sty
Package: amstext 2000/06/29 v2.01 AMS text

(/usr/share/texlive/texmf-dist/tex/latex/amsmath/amsgen.sty
File: amsgen.sty 1999/11/30 v2.0 generic functions
\@emptytoks=\toks17
\ex@=\dimen136
))
(/usr/share/texlive/texmf-dist/tex/latex/amsmath/amsbsy.sty
Package: amsbsy 1999/11/29 v1.2d Bold Symbols
\pmbraise@=\dimen137
)
(/usr/share/texlive/texmf-dist/tex/latex/amsmath/amsopn.sty
Package: amsopn 1999/12/14 v2.01 operator names
)
\inf@bad=\count116
LaTeX Info: Redefining \frac on input line 199.
\uproot@=\count117
\leftroot@=\count118
LaTeX Info: Redefining \overline on input line 297.
\classnum@=\count119
\DOTSCASE@=\count120
LaTeX Info: Redefining \ldots on input line 394.
LaTeX Info: Redefining \dots on input line 397.
LaTeX Info: Redefining \cdots on input line 518.
\Mathstrutbox@=\box54
\strutbox@=\box55
\big@size=\dimen138
LaTeX Font Info:    Redeclaring font encoding OML on input line 630.
LaTeX Font Info:    Redeclaring font encoding OMS on input line 631.
\macc@depth=\count121
\c@MaxMatrixCols=\count122
\dotsspace@=\muskip11
\c@parentequation=\count123
\dspbrk@lvl=\count124
\tag@help=\toks18
\row@=\count125
\column@=\count126
\maxfields@=\count127
\andhelp@=\toks19
\eqnshift@=\dimen139
\alignsep@=\dimen140
\tagshift@=\dimen141
\tagwidth@=\dimen142
\totwidth@=\dimen143
\lineht@=\dimen144
\@envbody=\toks20
\multlinegap=\skip63
\multlinetaggap=\skip64
\mathdisplay@stack=\toks21
LaTeX Info: Redefining \[ on input line 2735.
LaTeX Info: Redefining \] on input line 2736.
)
(/usr/share/texlive/texmf-dist/tex/latex/base/fontenc.sty
Package: fontenc 2005/09/27 v1.99g Standard LaTeX package

(/usr/share/texlive/texmf-dist/tex/latex/base/t1enc.def
File: t1enc.def 2005/09/27 v1.99g Standard LaTeX file
LaTeX Font Info:    Redeclaring font encoding T1 on input line 48.
))
(/usr/share/texlive/texmf-dist/tex/latex/tools/xspace.sty
Package: xspace 2014/10/28 v1.13 Space after command names (DPC,MH)
) (./article.aux)
\openout1 = `article.aux'.

LaTeX Font Info:    Checking defaults for OML/cmm/m/it on input line 166.
LaTeX Font Info:    ... okay on input line 166.
LaTeX Font Info:    Checking defaults for T1/cmr/m/n on input line 166.
LaTeX Font Info:    ... okay on input line 166.
LaTeX Font Info:    Checking defaults for OT1/cmr/m/n on input line 166.
LaTeX Font Info:    ... okay on input line 166.
LaTeX Font Info:    Checking defaults for OMS/cmsy/m/n on input line 166.
LaTeX Font Info:    ... okay on input line 166.
LaTeX Font Info:    Checking defaults for OMX/cmex/m/n on input line 166.
LaTeX Font Info:    ... okay on input line 166.
LaTeX Font Info:    Checking defaults for U/cmr/m/n on input line 166.
LaTeX Font Info:    ... okay on input line 166.
LaTeX Font Info:    Checking defaults for TS1/cmr/m/n on input line 166.
LaTeX Font Info:    Try loading font information for TS1+cmr on input line 166.


(/usr/share/texlive/texmf-dist/tex/latex/base/ts1cmr.fd
File: ts1cmr.fd 2014/09/29 v2.5h Standard LaTeX font definitions
)
LaTeX Font Info:    ... okay on input line 166.
LaTeX Font Info:    Checking defaults for PD1/pdf/m/n on input line 166.
LaTeX Font Info:    ... okay on input line 166.

(/usr/share/texlive/texmf-dist/tex/context/base/supp-pdf.mkii
[Loading MPS to PDF converter (version 2006.09.02).]
\scratchcounter=\count128
\scratchdimen=\dimen145
\scratchbox=\box56
\nofMPsegments=\count129
\nofMParguments=\count130
\everyMPshowfont=\toks22
\MPscratchCnt=\count131
\MPscratchDim=\dimen146
\MPnumerator=\count132
\makeMPintoPDFobject=\count133
\everyMPtoPDFconversion=\toks23
) (/usr/share/texlive/texmf-dist/tex/latex/oberdiek/epstopdf-base.sty
Package: epstopdf-base 2010/02/09 v2.5 Base part for package epstopdf

(/usr/share/texlive/texmf-dist/tex/latex/oberdiek/grfext.sty
Package: grfext 2010/08/19 v1.1 Manage graphics extensions (HO)
)
Package grfext Info: Graphics extension search list:
(grfext)             [.png,.pdf,.jpg,.mps,.jpeg,.jbig2,.jb2,.PNG,.PDF,.JPG,.JPE
G,.JBIG2,.JB2,.eps]
(grfext)             \AppendGraphicsExtensions on input line 452.

(/usr/share/texlive/texmf-dist/tex/latex/latexconfig/epstopdf-sys.cfg
File: epstopdf-sys.cfg 2010/07/13 v1.3 Configuration of (r)epstopdf for TeX Liv
e
))
\AtBeginShipoutBox=\box57
Package hyperref Info: Link coloring ON on input line 166.

(/usr/share/texlive/texmf-dist/tex/latex/hyperref/nameref.sty
Package: nameref 2012/10/27 v2.43 Cross-referencing by name of section

(/usr/share/texlive/texmf-dist/tex/generic/oberdiek/gettitlestring.sty
Package: gettitlestring 2010/12/03 v1.4 Cleanup title references (HO)
)
\c@section@level=\count134
)
LaTeX Info: Redefining \ref on input line 166.
LaTeX Info: Redefining \pageref on input line 166.
LaTeX Info: Redefining \nameref on input line 166.

(./article.out) (./article.out)
\@outlinefile=\write4
\openout4 = `article.out'.

 <jsslogo.jpg, id=104, 540.0175pt x 393.47pt>
File: jsslogo.jpg Graphic file (type jpg)

<use jsslogo.jpg>
Package pdftex.def Info: jsslogo.jpg used on input line 166.
(pdftex.def)             Requested size: 89.80768pt x 65.43607pt.
LaTeX Font Info:    Try loading font information for T1+pzc on input line 166.
 (/usr/share/texlive/texmf-dist/tex/latex/psnfss/t1pzc.fd
File: t1pzc.fd 2001/06/04 font definitions for T1/pzc.
)
LaTeX Font Info:    Font shape `T1/pzc/m/n' in size <28> not available
(Font)              Font shape `T1/pzc/mb/it' tried instead on input line 166.
LaTeX Font Info:    Try loading font information for T1+aess on input line 166.


(/usr/share/texlive/texmf-dist/tex/latex/ae/t1aess.fd
File: t1aess.fd 1997/11/16 Font definitions for T1/aess.
)
Underfull \vbox (badness 4144) has occurred while \output is active []

 [1

{/var/lib/texmf/fonts/map/pdftex/updmap/pdftex.map} <./jsslogo.jpg>]
LaTeX Font Info:    Font shape `T1/aer/b/sl' in size <10.95> not available
(Font)              Font shape `T1/aer/bx/sl' tried instead on input line 259.

Overfull \hbox (5.47499pt too wide) has occurred while \output is active
\T1/aer/m/n/10.95 2 []
 []

[2]
LaTeX Font Info:    Try loading font information for T1+aett on input line 267.

 (/usr/share/texlive/texmf-dist/tex/latex/ae/t1aett.fd
File: t1aett.fd 1997/11/16 Font definitions for T1/aett.
)
Package color Info: Redefining color shadecolor on input line 299.


LaTeX Font Warning: Font shape `T1/aett/bx/n' undefined
(Font)              using `T1/aett/m/n' instead on input line 301.

LaTeX Font Info:    Try loading font information for TS1+aett on input line 301
.
(/home/dahl/local/R/3.5.1-shlib/lib/R/share/texmf/tex/latex/ts1aett.fd
File: ts1aett.fd 
)
LaTeX Font Info:    Try loading font information for TS1+cmtt on input line 301
.

(/usr/share/texlive/texmf-dist/tex/latex/base/ts1cmtt.fd
File: ts1cmtt.fd 2014/09/29 v2.5h Standard LaTeX font definitions
)
LaTeX Font Info:    Font shape `TS1/aett/m/n' in size <10> not available
(Font)              Font shape `TS1/cmtt/m/n' tried instead on input line 301.

Overfull \hbox (5.47499pt too wide) has occurred while \output is active
[] \T1/aer/m/n/10.95 3
 []

[3]
Package color Info: Redefining color shadecolor on input line 324.
Package color Info: Redefining color shadecolor on input line 334.
Package color Info: Redefining color shadecolor on input line 348.
Package color Info: Redefining color shadecolor on input line 359.
LaTeX Font Info:    Font shape `T1/aess/m/it' in size <12> not available
(Font)              Font shape `T1/aess/m/sl' tried instead on input line 387.


Package amsmath Warning: Foreign command \atopwithdelims;
(amsmath)                \frac or \genfrac should be used instead
(amsmath)                 on input line 392.

Package color Info: Redefining color shadecolor on input line 399.

Overfull \hbox (5.47499pt too wide) has occurred while \output is active
\T1/aer/m/n/10.95 4 []
 []

[4]
Package color Info: Redefining color shadecolor on input line 417.
Package color Info: Redefining color shadecolor on input line 439.
Package color Info: Redefining color shadecolor on input line 460.
Package color Info: Redefining color shadecolor on input line 485.

Overfull \hbox (5.47499pt too wide) has occurred while \output is active
[] \T1/aer/m/n/10.95 5
 []

[5]
Package color Info: Redefining color shadecolor on input line 513.

Overfull \hbox (1.14561pt too wide) in paragraph at lines 531--560
 [][] 
 []

Package color Info: Redefining color shadecolor on input line 578.

Overfull \hbox (5.47499pt too wide) has occurred while \output is active
\T1/aer/m/n/10.95 6 []
 []

[6]
Package color Info: Redefining color shadecolor on input line 617.

Overfull \hbox (13.2254pt too wide) in paragraph at lines 623--623
[]\T1/aett/bx/n/10 ## Error in s %@% "val fibSeq = Array[Double](0, 1, 1, 2, 3,
 5, 8, 13, 21)": could not
 []


Overfull \hbox (5.47499pt too wide) has occurred while \output is active
[] \T1/aer/m/n/10.95 7
 []

[7]
Package color Info: Redefining color shadecolor on input line 651.
Package color Info: Redefining color shadecolor on input line 669.
Package color Info: Redefining color shadecolor on input line 692.

Overfull \hbox (13.2254pt too wide) in paragraph at lines 698--698
[]\T1/aett/bx/n/10 ## Error in `$<-.rscalaBridge`(`*tmp*`, fibSeq, value = c(0,
 1, 1, 2, 3, : Unsupported
 []


Overfull \hbox (5.47499pt too wide) has occurred while \output is active
\T1/aer/m/n/10.95 8 []
 []

[8]
Package color Info: Redefining color shadecolor on input line 713.
Package color Info: Redefining color shadecolor on input line 743.
Package color Info: Redefining color shadecolor on input line 766.

Overfull \hbox (5.47499pt too wide) has occurred while \output is active
[] \T1/aer/m/n/10.95 9
 []

[9]
Package color Info: Redefining color shadecolor on input line 800.
Package color Info: Redefining color shadecolor on input line 827.

Overfull \hbox (10.94998pt too wide) has occurred while \output is active
\T1/aer/m/n/10.95 10 []
 []

[10]
Package color Info: Redefining color shadecolor on input line 864.

Overfull \hbox (34.18536pt too wide) in paragraph at lines 870--870
[]\T1/aett/bx/n/10 ## Error in s$.java.lang.System$setProperties: object of typ
e 'closure' is not subsettable[] 
 []

Package color Info: Redefining color shadecolor on input line 885.

Overfull \hbox (86.58527pt too wide) in paragraph at lines 895--895
[]\T1/aett/bx/n/10 ## Error in s %@% "\n  object setter {\n    def apply[T](x: 
Array[T], value: T) = x.indices.foreach
 []

Package color Info: Redefining color shadecolor on input line 910.

Overfull \hbox (23.70538pt too wide) in paragraph at lines 923--923
[]\T1/aett/bx/n/10 ## Error in scalaInvoke(details, snippet, list(...), parent.
frame(1)): Unsupported type:
 []


Overfull \hbox (10.94998pt too wide) has occurred while \output is active
[] \T1/aer/m/n/10.95 11
 []

[11]
Package color Info: Redefining color shadecolor on input line 942.
Package color Info: Redefining color shadecolor on input line 957.

Overfull \hbox (13.2254pt too wide) in paragraph at lines 963--963
[]\T1/aett/bx/n/10 ## Error in s %@% "val fibSeq = Array[Double](0, 1, 1, 2, 3,
 5, 8, 13, 21)": could not
 []


Overfull \hbox (10.94998pt too wide) has occurred while \output is active
\T1/aer/m/n/10.95 12 []
 []

[12]
Package color Info: Redefining color shadecolor on input line 1006.
Package color Info: Redefining color shadecolor on input line 1021.
Package color Info: Redefining color shadecolor on input line 1033.
Package color Info: Redefining color shadecolor on input line 1077.

Overfull \hbox (10.94998pt too wide) has occurred while \output is active
[] \T1/aer/m/n/10.95 13
 []

[13]
Package color Info: Redefining color shadecolor on input line 1110.
Package color Info: Redefining color shadecolor on input line 1153.

Overfull \hbox (10.94998pt too wide) has occurred while \output is active
\T1/aer/m/n/10.95 14 []
 []

[14]
Overfull \hbox (34.18536pt too wide) in paragraph at lines 1161--1162
[]\T1/aett/bx/n/10 ## Error in s %!% "\n    var r1 = new Array[BigInt](n)\n    
var r2 = new Array[BigInt](n)\n
 []


Overfull \hbox (2.74542pt too wide) in paragraph at lines 1161--1162
\T1/aett/bx/n/10 r1(0) = BigInt(1)\n    for ( k <- 1 until n ) {\n      r2(0) =
 r1(k-1)\n      for ( i
 []


Overfull \hbox (2.74542pt too wide) in paragraph at lines 1161--1162
\T1/aett/bx/n/10 <- 1 to k ) r2(i) = r1(i-1) + r2(i-1)\n      val tmp = r1; r1 
= r2; r2 = tmp\n    }\n
 []


Overfull \hbox (2.74542pt too wide) in paragraph at lines 1161--1162
\T1/aett/bx/n/10 val value = r1(n-1)\n    format match {\n      case \"characte
r\" => value.toString\n
 []


Overfull \hbox (39.42535pt too wide) in paragraph at lines 1161--1162
\T1/aett/bx/n/10 case \"integer\" => value.toInt\n      case \"double\" => valu
e.toDouble\n      case \"log\"
 []


Overfull \hbox (13.2254pt too wide) in paragraph at lines 1161--1162
\T1/aett/bx/n/10 =>\n        val blex = value.bitLength - 1022\n        if ( bl
ex > 0 ) math.log( (value
 []


Overfull \hbox (12.98541pt too wide) in paragraph at lines 1161--1162
\T1/aett/bx/n/10 >> blex).toDouble ) + blex * math.log(2)\n        else math.lo
g(value.toDouble)\n    }\n
 []


Overfull \hbox (18.4654pt too wide) in paragraph at lines 1168--1168
[]\T1/aett/bx/n/10 ## Error in strsplit(bigNumber, "(?<=.{80})", perl = TRUE): 
object 'bigNumber' not found[] 
 []

Package color Info: Redefining color shadecolor on input line 1217.

Overfull \hbox (10.94998pt too wide) has occurred while \output is active
[] \T1/aer/m/n/10.95 15
 []

[15]
Overfull \hbox (7.98541pt too wide) in paragraph at lines 1226--1226
[]\T1/aett/bx/n/10 ## Error in s %@% "\n  R.set(\"zone\", java.util.TimeZone.ge
tDefault.getDisplayName)\n
 []


Overfull \hbox (2.74542pt too wide) in paragraph at lines 1226--1226
\T1/aett/bx/n/10 R.set(\"atLeast8\", scala.util.Properties.isJavaAtLeast(\"1.8\
"))\n": could not find
 []

Package color Info: Redefining color shadecolor on input line 1249.

Overfull \hbox (28.94537pt too wide) in paragraph at lines 1261--1261
[]\T1/aett/bx/n/10 ## Error in s %@% "\n  val result = R.get(\"T\")\n  println(
\"The result is \" + result)\n
 []


Overfull \hbox (28.94537pt too wide) in paragraph at lines 1261--1261
\T1/aett/bx/n/10 if ( result._1.asInstanceOf[Boolean] ) {\n    println(\"Good, 
nobody messed with the value
 []

Package color Info: Redefining color shadecolor on input line 1276.

Overfull \hbox (13.2254pt too wide) in paragraph at lines 1282--1282
[]\T1/aett/bx/n/10 ## Error in s %@% "if ( R.getL0(\"T\") ) { println(\"Good, n
obody messed with the value
 []


Overfull \hbox (10.94998pt too wide) has occurred while \output is active
\T1/aer/m/n/10.95 16 []
 []

[16]
Package color Info: Redefining color shadecolor on input line 1291.
Package color Info: Redefining color shadecolor on input line 1308.
Package color Info: Redefining color shadecolor on input line 1345.

Overfull \hbox (10.94998pt too wide) has occurred while \output is active
[] \T1/aer/m/n/10.95 17
 []

[17]
Package color Info: Redefining color shadecolor on input line 1370.

Overfull \hbox (7.98541pt too wide) in paragraph at lines 1393--1393
[]\T1/aett/bx/n/10 ## Error in s %!% "\n  def g(x: Double) = R.invokeD0(func, x
)\n  val (fLower, fUpper)
 []


Overfull \hbox (13.2254pt too wide) in paragraph at lines 1393--1393
\T1/aett/bx/n/10 = (g(lower), g(upper))\n  if ( fLower * fUpper > 0 ) sys.error
(\"lower and upper do not
 []


Overfull \hbox (18.4654pt too wide) in paragraph at lines 1393--1393
\T1/aett/bx/n/10 straddle the root.\")\n  @scala.annotation.tailrec\n  def engi
ne(l: Double, u: Double,
 []


Overfull \hbox (2.74542pt too wide) in paragraph at lines 1393--1393
\T1/aett/bx/n/10 fLower: Double, fUpper: Double): Double = {\n    if ( math.abs
( l - u ) <= epsilon
 []


Overfull \hbox (39.42535pt too wide) in paragraph at lines 1393--1393
\T1/aett/bx/n/10 ) ( l + u ) / 2\n    else {\n      val c = ( l + u ) / 2\n    
  val fCenter = g(c)\n      if
 []


Overfull \hbox (18.4654pt too wide) in paragraph at lines 1393--1393
\T1/aett/bx/n/10 ( fLower * fCenter < 0 ) engine(l, c, fLower, fCenter)\n      
else engine(c, u, fCenter,
 []


Overfull \hbox (18.4654pt too wide) in paragraph at lines 1393--1393
\T1/aett/bx/n/10 fUpper)\n    }\n  }\n  engine(lower, upper, fLower, fUpper)\n"
: could not find function
 []

Package color Info: Redefining color shadecolor on input line 1405.

Overfull \hbox (18.4654pt too wide) in paragraph at lines 1414--1414
[]\T1/aett/bx/n/10 ## Error in s %!% "\n  if ( n <= 0 ) 0 else n + R.invokeI0(\
"recursive.sum\", n - 1)\n":
 []


Overfull \hbox (10.94998pt too wide) has occurred while \output is active
\T1/aer/m/n/10.95 18 []
 []

[18]
Package color Info: Redefining color shadecolor on input line 1458.
Package color Info: Redefining color shadecolor on input line 1471.

Overfull \hbox (34.18536pt too wide) in paragraph at lines 1479--1480
[]\T1/aett/bx/n/10 ## Error in s %!% "\n    var r1 = new Array[BigInt](n)\n    
var r2 = new Array[BigInt](n)\n
 []


Overfull \hbox (2.74542pt too wide) in paragraph at lines 1479--1480
\T1/aett/bx/n/10 r1(0) = BigInt(1)\n    for ( k <- 1 until n ) {\n      r2(0) =
 r1(k-1)\n      for ( i
 []


Overfull \hbox (2.74542pt too wide) in paragraph at lines 1479--1480
\T1/aett/bx/n/10 <- 1 to k ) r2(i) = r1(i-1) + r2(i-1)\n      val tmp = r1; r1 
= r2; r2 = tmp\n    }\n
 []


Overfull \hbox (2.74542pt too wide) in paragraph at lines 1479--1480
\T1/aett/bx/n/10 val value = r1(n-1)\n    format match {\n      case \"characte
r\" => value.toString\n
 []


Overfull \hbox (39.42535pt too wide) in paragraph at lines 1479--1480
\T1/aett/bx/n/10 case \"integer\" => value.toInt\n      case \"double\" => valu
e.toDouble\n      case \"log\"
 []


Overfull \hbox (13.2254pt too wide) in paragraph at lines 1479--1480
\T1/aett/bx/n/10 =>\n        val blex = value.bitLength - 1022\n        if ( bl
ex > 0 ) math.log( (value
 []


Overfull \hbox (12.98541pt too wide) in paragraph at lines 1479--1480
\T1/aett/bx/n/10 >> blex).toDouble ) + blex * math.log(2)\n        else math.lo
g(value.toDouble)\n    }\n
 []


Overfull \hbox (10.94998pt too wide) has occurred while \output is active
[] \T1/aer/m/n/10.95 19
 []

[19]
Package color Info: Redefining color shadecolor on input line 1499.
Package color Info: Redefining color shadecolor on input line 1524.

Overfull \hbox (10.94998pt too wide) has occurred while \output is active
\T1/aer/m/n/10.95 20 []
 []

[20]

LaTeX Warning: Reference `overhead' on page 21 undefined on input line 1555.

Package color Info: Redefining color shadecolor on input line 1560.

Overfull \hbox (7.98541pt too wide) in paragraph at lines 1571--1571
[]\T1/aett/bx/n/10 ## Error in if (verbose) cat("\nSearch details:\n"): argumen
t is not interpretable as
 []


Overfull \hbox (18.4654pt too wide) in paragraph at lines 1576--1576
[]\T1/aett/bx/n/10 ## Error in .jcheck(silent = TRUE): No running JVM detected.
 Maybe .jinit() would help.[] 
 []


Overfull \hbox (16.36847pt too wide) in paragraph at lines 1596--1597
[]\T1/aett/bx/n/10.95 ## Error in cbind(timings[, c("expr")], c("rJava", "rscal
a", "rJava", "rscala"),
 []


Overfull \hbox (33.5818pt too wide) in paragraph at lines 1598--1599
[]\T1/aett/bx/n/10.95 ## Error in colnames(timings) <- c("Expression", "Package
", "Q1", "Mean", : object
 []


Overfull \hbox (113.91069pt too wide) in paragraph at lines 1602--1603
[]\T1/aett/bx/n/10.95 ## Error in paste0("Comparison of execution time of vario
us ways to call the \\code{nextGaussian}
 []


Overfull \hbox (10.63069pt too wide) in paragraph at lines 1602--1603
\T1/aett/bx/n/10.95 method of an instance of the \\code{scala.util.Random} clas
s.  Since the method
 []


Overfull \hbox (50.79514pt too wide) in paragraph at lines 1602--1603
\T1/aett/bx/n/10.95 itself is relatively fast, the timings here are an indicati
on of the overhead involved
 []


Overfull \hbox (10.63069pt too wide) in paragraph at lines 1602--1603
\T1/aett/bx/n/10.95 with the various techniques.  Each expression was evaluated
 ", : object 'reps'
 []


Overfull \hbox (27.84402pt too wide) in paragraph at lines 1604--1604
[]\T1/aett/bx/n/10.95 ## Error in print(xtab, include.rownames = FALSE, booktab
s = TRUE, table.placement
 []


Overfull \hbox (10.94998pt too wide) has occurred while \output is active
[] \T1/aer/m/n/10.95 21
 []

[21]

LaTeX Warning: Reference `overhead' on page 22 undefined on input line 1606.

Package color Info: Redefining color shadecolor on input line 1629.

Overfull \hbox (10.94998pt too wide) has occurred while \output is active
\T1/aer/m/n/10.95 22 []
 []

[22]
Package color Info: Redefining color shadecolor on input line 1671.
LaTeX Font Info:    Font shape `TS1/aett/m/it' in size <10> not available
(Font)              Font shape `TS1/cmtt/m/it' tried instead on input line 1696
.
Package color Info: Redefining color shadecolor on input line 1708.
Package color Info: Redefining color shadecolor on input line 1731.

Overfull \hbox (10.94998pt too wide) has occurred while \output is active
[] \T1/aer/m/n/10.95 23
 []

[23]
Package color Info: Redefining color shadecolor on input line 1741.
Package color Info: Redefining color shadecolor on input line 1784.
Package color Info: Redefining color shadecolor on input line 1798.

Overfull \hbox (10.94998pt too wide) has occurred while \output is active
\T1/aer/m/n/10.95 24 []
 []

[24] <screenshot.png, id=369, 772.8875pt x 554.07pt>
File: screenshot.png Graphic file (type png)
 <use screenshot.png>
Package pdftex.def Info: screenshot.png used on input line 1862.
(pdftex.def)             Requested size: 354.12434pt x 253.86922pt.

Overfull \hbox (10.94998pt too wide) has occurred while \output is active
[] \T1/aer/m/n/10.95 25
 []

[25]
Underfull \vbox (badness 2173) has occurred while \output is active []


Overfull \hbox (10.94998pt too wide) has occurred while \output is active
\T1/aer/m/n/10.95 26 []
 []

[26 <./screenshot.png>]
Overfull \hbox (2.36562pt too wide) in paragraph at lines 2087--2087
[][] 
 []


Overfull \hbox (2.36562pt too wide) in paragraph at lines 2093--2093
[][] 
 []


Overfull \hbox (2.15756pt too wide) in paragraph at lines 2099--2099
[][] 
 []


Overfull \hbox (2.36562pt too wide) in paragraph at lines 2105--2105
[][] 
 []


Underfull \vbox (badness 10000) has occurred while \output is active []


Overfull \hbox (10.94998pt too wide) has occurred while \output is active
[] \T1/aer/m/n/10.95 27
 []

[27] (./article.bbl
Underfull \hbox (badness 2443) in paragraph at lines 20--25
[]\T1/aer/m/n/10.95 Bugnion P (2016).  \T1/aer/m/it/10.95 Scala for Data Sci-en
ce\T1/aer/m/n/10.95 .  Packt Pub-lish-ing.  URL [][]$\T1/aett/bx/n/10.95 https 
:
 []


Underfull \hbox (badness 10000) in paragraph at lines 20--25
\T1/aett/bx/n/10.95 / / www . amazon . com / Scala-[]Data-[]Science-[]Pascal-[]
Bugnion-[]ebook / dp / B011V2NPYI ?
 []


Underfull \hbox (badness 10000) in paragraph at lines 20--25
\T1/aett/bx/n/10.95 SubscriptionId = 0JYN1NVW651KCA56C102 & tag = techkie-[]20 
& linkCode = xm2 & camp = 2025 &
 []

LaTeX Font Info:    Font shape `T1/aer/b/it' in size <10.95> not available
(Font)              Font shape `T1/aer/bx/it' tried instead on input line 38.
LaTeX Font Info:    Font shape `T1/aess/m/it' in size <10.95> not available
(Font)              Font shape `T1/aess/m/sl' tried instead on input line 38.

Overfull \hbox (10.94998pt too wide) has occurred while \output is active
\T1/aer/m/n/10.95 28 []
 []

[28]
Underfull \hbox (badness 10000) in paragraph at lines 100--105
\T1/aett/bx/n/10.95 / / www . amazon . com / Scientific-[]Computing-[]Scala-[]V
ytautas-[]Jancauskas-[]ebook / dp /
 []


Underfull \hbox (badness 10000) in paragraph at lines 100--105
\T1/aett/bx/n/10.95 B01ARXUY78 ? SubscriptionId = 0JYN1NVW651KCA56C102 & tag = 
techkie-[]20 & linkCode = xm2 &
 []


Underfull \hbox (badness 4416) in paragraph at lines 116--121
[]\T1/aer/m/n/10.95 Nicolas PR (2014).  \T1/aer/m/it/10.95 Scala for Ma-chine L
earn-ing\T1/aer/m/n/10.95 .  Packt Pub-lish-ing.  URL
 []


Underfull \hbox (badness 10000) in paragraph at lines 116--121
[][]$\T1/aett/bx/n/10.95 https : / / www . amazon . com / Scala-[]Machine-[]Lea
rning-[]Patrick-[]Nicolas-[]ebook / dp /
 []


Underfull \hbox (badness 10000) in paragraph at lines 116--121
\T1/aett/bx/n/10.95 B00R6585KO ? SubscriptionId = 0JYN1NVW651KCA56C102 & tag = 
techkie-[]20 & linkCode = xm2 &
 []


Underfull \hbox (badness 2875) in paragraph at lines 123--129
[]\T1/aer/m/n/10.95 Odersky M, Spoon L, Ven-ners B (2016).  \T1/aer/m/it/10.95 
Pro-gram-ming in \T1/aess/m/sl/10.95 Scala\T1/aer/m/it/10.95 : Up-dated for
 []


Underfull \hbox (badness 10000) in paragraph at lines 123--129
\T1/aett/bx/n/10.95 amazon . com / Programming-[]Scala-[]Updated-[]2-[]12 / dp 
/ 0981531687 ? SubscriptionId =
 []


Underfull \hbox (badness 10000) in paragraph at lines 123--129
\T1/aett/bx/n/10.95 0JYN1NVW651KCA56C102 & tag = techkie-[]20 & linkCode = xm2 
& camp = 2025 & creative = 165953 &
 []


Underfull \hbox (badness 10000) in paragraph at lines 136--142
[]\T1/aer/m/n/10.95 Pfeffer A (2016).  \T1/aer/m/it/10.95 Prac-ti-cal Prob-a-bi
lis-tic Pro-gram-ming\T1/aer/m/n/10.95 .  Man-ning
 []


Underfull \hbox (badness 10000) in paragraph at lines 136--142
\T1/aer/m/n/10.95 Pub-li-ca-tions.  ISBN 1617292338.  URL [][]$\T1/aett/bx/n/10
.95 https : / / www . amazon . com /
 []


Underfull \hbox (badness 10000) in paragraph at lines 136--142
\T1/aett/bx/n/10.95 Practical-[]Probabilistic-[]Programming-[]Avi-[]Pfeffer / d
p / 1617292338 ?
 []


Underfull \hbox (badness 10000) in paragraph at lines 136--142
\T1/aett/bx/n/10.95 SubscriptionId = 0JYN1NVW651KCA56C102 & tag = techkie-[]20 
& linkCode = xm2 & camp = 2025 &
 []


Overfull \hbox (10.94998pt too wide) has occurred while \output is active
[] \T1/aer/m/n/10.95 29
 []

[29])
Overfull \hbox (10.94998pt too wide) has occurred while \output is active
\T1/aer/m/n/10.95 30 []
 []

[30]pdfTeX warning (ext4): destination with the same identifier (name{section.1
}) has been already used, duplicate ignored
<to be read again> 
                   \relax 
l.2160 \section{}
                 
! FancyVerb Error:
  No verbatim file ../inst/doc/bootstrap-coverage.R
.
\FV@Error ... {FancyVerb Error:
\space \space #1
}
                                                  
l.2165 ...n=5mm]{../inst/doc/bootstrap-coverage.R}
                                                  
Your command was ignored. Type <return> to continue.

! FancyVerb Error:
  Empty verbatim environment
.
\FV@Error ... {FancyVerb Error:
\space \space #1
}
                                                  
l.2165 ...n=5mm]{../inst/doc/bootstrap-coverage.R}
                                                  
This error message was generated by an \errmessage
command, so I can't give any explicit help.
Pretend that you're Hercule Poirot: Examine all clues,
and deduce the truth by order and method.

LaTeX Font Info:    Font shape `T1/pzc/m/n' in size <13> not available
(Font)              Font shape `T1/pzc/mb/it' tried instead on input line 2168.

Package atveryend Info: Empty hook `BeforeClearDocument' on input line 2168.

Overfull \hbox (10.94998pt too wide) has occurred while \output is active
[] \T1/aer/m/n/10.95 31
 []

[31]
Package atveryend Info: Empty hook `AfterLastShipout' on input line 2168.
 (./article.aux)
Package atveryend Info: Executing hook `AtVeryEndDocument' on input line 2168.
Package atveryend Info: Executing hook `AtEndAfterFileList' on input line 2168.

Package rerunfilecheck Info: File `article.out' has not changed.
(rerunfilecheck)             Checksum: 44E448C776578DF5F2BB4EB3B5F421B0;3191.


LaTeX Font Warning: Some font shapes were not available, defaults substituted.


LaTeX Warning: There were undefined references.

Package atveryend Info: Empty hook `AtVeryVeryEnd' on input line 2168.
 ) 
Here is how much of TeX's memory you used:
 8345 strings out of 493029
 121175 string characters out of 6136234
 212940 words of memory out of 5000000
 11519 multiletter control sequences out of 15000+600000
 90544 words of font info for 150 fonts, out of 8000000 for 9000
 1141 hyphenation exceptions out of 8191
 36i,14n,34p,1637b,459s stack positions out of 5000i,500n,10000p,200000b,80000s
{/usr/share/texmf/fonts/enc/dvips/cm-super/cm-super-ts1.enc}{/usr/share/texli
ve/texmf-dist/fonts/enc/dvips/base/8r.enc}</usr/share/texlive/texmf-dist/fonts/
type1/public/amsfonts/cm/cmb10.pfb></usr/share/texlive/texmf-dist/fonts/type1/p
ublic/amsfonts/cm/cmbx10.pfb></usr/share/texlive/texmf-dist/fonts/type1/public/
amsfonts/cm/cmbx12.pfb></usr/share/texlive/texmf-dist/fonts/type1/public/amsfon
ts/cm/cmbx8.pfb></usr/share/texlive/texmf-dist/fonts/type1/public/amsfonts/cm/c
mbxsl10.pfb></usr/share/texlive/texmf-dist/fonts/type1/public/amsfonts/cm/cmbxt
i10.pfb></usr/share/texlive/texmf-dist/fonts/type1/public/amsfonts/cm/cmex10.pf
b></usr/share/texlive/texmf-dist/fonts/type1/public/amsfonts/cm/cmitt10.pfb></u
sr/share/texlive/texmf-dist/fonts/type1/public/amsfonts/cm/cmmi10.pfb></usr/sha
re/texlive/texmf-dist/fonts/type1/public/amsfonts/cm/cmmi8.pfb></usr/share/texl
ive/texmf-dist/fonts/type1/public/amsfonts/cm/cmr10.pfb></usr/share/texlive/tex
mf-dist/fonts/type1/public/amsfonts/cm/cmr6.pfb></usr/share/texlive/texmf-dist/
fonts/type1/public/amsfonts/cm/cmr8.pfb></usr/share/texlive/texmf-dist/fonts/ty
pe1/public/amsfonts/cm/cmsl10.pfb></usr/share/texlive/texmf-dist/fonts/type1/pu
blic/amsfonts/cm/cmss10.pfb></usr/share/texlive/texmf-dist/fonts/type1/public/a
msfonts/cm/cmssbx10.pfb></usr/share/texlive/texmf-dist/fonts/type1/public/amsfo
nts/cm/cmssi10.pfb></usr/share/texlive/texmf-dist/fonts/type1/public/amsfonts/c
m/cmssi12.pfb></usr/share/texlive/texmf-dist/fonts/type1/public/amsfonts/cm/cms
y10.pfb></usr/share/texlive/texmf-dist/fonts/type1/public/amsfonts/cm/cmti10.pf
b></usr/share/texlive/texmf-dist/fonts/type1/public/amsfonts/cm/cmti12.pfb></us
r/share/texlive/texmf-dist/fonts/type1/public/amsfonts/cm/cmtt10.pfb></usr/shar
e/texlive/texmf-dist/fonts/type1/public/amsfonts/cm/cmtt12.pfb></usr/share/texl
ive/texmf-dist/fonts/type1/public/amsfonts/cm/cmtt8.pfb></usr/share/texlive/tex
mf-dist/fonts/type1/public/amsfonts/cm/cmtt9.pfb></usr/share/texmf/fonts/type1/
public/cm-super/sfit1000.pfb></usr/share/texmf/fonts/type1/public/cm-super/sftt
1000.pfb></usr/share/texlive/texmf-dist/fonts/type1/urw/zapfchan/uzcmi8a.pfb>
Output written on article.pdf (31 pages, 483800 bytes).
PDF statistics:
 589 PDF objects out of 1000 (max. 8388607)
 519 compressed objects within 6 object streams
 113 named destinations out of 1000 (max. 500000)
 211 words of extra memory for PDF output out of 10000 (max. 10000000)

